2024-10-10 06:33:03,861 - common.log_utils - INFO - POST /user-creation | Method: POST | Path: /auth/users/ | User: User: Anonymous | Data: {'email': 'ravilla.anil3@gmail.com', 'first_name': 'Anil', 'last_name': 'Ravilla', 'password': 'Rakn@7032', 'is_superuser': True}
2024-10-10 06:33:03,883 - common.log_utils - DEBUG - Validating email: ravilla.anil3@gmail.com
2024-10-10 06:33:03,884 - common.log_utils - INFO - Email ravilla.anil3@gmail.com validated successfully.
2024-10-10 06:33:03,884 - common.log_utils - DEBUG - Validating password.
2024-10-10 06:33:03,885 - common.log_utils - INFO - Password validated successfully.
2024-10-10 06:33:03,885 - common.log_utils - INFO - Creating user with data: {'email': 'ravilla.anil3@gmail.com', 'first_name': 'Anil', 'last_name': 'Ravilla', 'is_superuser': True, 'password': 'Rakn@7032'}
2024-10-10 06:33:04,138 - common.log_utils - INFO - User 9 created successfully.
2024-10-10 06:33:04,139 - common.log_utils - INFO - User created successfully | Status Code: 200 | Data: {'id': 9, 'email': 'ravilla.anil3@gmail.com', 'first_name': 'Anil', 'last_name': 'Ravilla', 'is_active': True, 'is_staff': True, 'is_superuser': True, 'date_joined': '2024-10-10T06:33:03.886084Z', 'updated_at': '2024-10-10T06:33:04.130903Z'}
2024-10-10 06:35:21,735 - common.log_utils - INFO - POST /user-creation | Method: POST | Path: /auth/users/ | User: User: Anonymous | Data: {'email': 'boogyman@gmail.com', 'first_name': 'John', 'last_name': 'Wick', 'password': 'Johnwick@123', 'is_superuser': False}
2024-10-10 06:35:21,757 - common.log_utils - DEBUG - Validating email: boogyman@gmail.com
2024-10-10 06:35:21,757 - common.log_utils - INFO - Email boogyman@gmail.com validated successfully.
2024-10-10 06:35:21,757 - common.log_utils - DEBUG - Validating password.
2024-10-10 06:35:21,757 - common.log_utils - INFO - Password validated successfully.
2024-10-10 06:35:21,758 - common.log_utils - INFO - Creating user with data: {'email': 'boogyman@gmail.com', 'first_name': 'John', 'last_name': 'Wick', 'is_superuser': False, 'password': 'Johnwick@123'}
2024-10-10 06:35:22,004 - common.log_utils - INFO - User 10 created successfully.
2024-10-10 06:35:22,006 - common.log_utils - INFO - User created successfully | Status Code: 200 | Data: {'id': 10, 'email': 'boogyman@gmail.com', 'first_name': 'John', 'last_name': 'Wick', 'is_active': True, 'is_staff': False, 'is_superuser': False, 'date_joined': '2024-10-10T06:35:21.759061Z', 'updated_at': '2024-10-10T06:35:22.003527Z'}
2024-10-10 06:40:44,049 - common.log_utils - INFO - POST /token-obtain-pair | Method: POST | Path: /auth/users/login | User: User: Anonymous | Data: {'email': 'ravilla.anil3@gmail.com', 'password': 'Rakn@7032'}
2024-10-10 06:40:44,310 - common.log_utils - INFO - Token issued for user 9 | Status Code: 200 | Data: {'access': 'eyJhbGciOiJIUzI1NiIsInR5cCI6IkpXVCJ9.eyJ0b2tlbl90eXBlIjoiYWNjZXNzIiwiZXhwIjoxNzI4NjI4ODQ0LCJpYXQiOjE3Mjg1NDI0NDQsImp0aSI6ImVhMTMxNjZmMzBmYTQ1ZDc5YWU0ZGJhYzkwYjUzMWI0IiwidXNlcl9pZCI6OSwiZW1haWwiOiJyYXZpbGxhLmFuaWwzQGdtYWlsLmNvbSIsImlzX3N1cGVydXNlciI6dHJ1ZSwicGVybWlzc2lvbnMiOlsidmlld19jYXRlZ29yeSIsInZpZXdfaXRlbSIsInVwZGF0ZV91c2VyIiwiY3JlYXRlX2NhdGVnb3J5IiwidXBkYXRlX2NhdGVnb3J5IiwiZGVsZXRlX2NhdGVnb3J5IiwiY3JlYXRlX2l0ZW0iLCJ1cGRhdGVfaXRlbSIsImRlbGV0ZV9pdGVtIl19._8JD8U6S7W77_wzaluoFzciZavqKKuyxoYnh2nqrOeE'}
2024-10-10 06:42:13,775 - common.log_utils - INFO - POST /token-obtain-pair | Method: POST | Path: /auth/users/login | User: User: Anonymous | Data: {'email': 'ravilla.anil3@gma', 'password': 'Rakn@7032'}
2024-10-10 06:42:14,026 - common.log_utils - ERROR - Invalid credentials or inactive user.
2024-10-10 06:42:49,543 - common.log_utils - INFO - POST /token-obtain-pair | Method: POST | Path: /auth/users/login | User: User: Anonymous | Data: {'email': 'ravilla.anil3@gmail.com', 'password': 'Rakn@703'}
2024-10-10 06:42:49,798 - common.log_utils - ERROR - Invalid credentials or inactive user.
2024-10-10 06:42:55,115 - common.log_utils - INFO - POST /token-obtain-pair | Method: POST | Path: /auth/users/login | User: User: Anonymous | Data: {'email': 'ravilla.anil3@gmail.com', 'passwrd': 'Rakn@7032'}
2024-10-10 06:42:55,117 - common.log_utils - ERROR - Email and password are required.
2024-10-10 06:43:25,562 - common.log_utils - INFO - POST /user-creation | Method: POST | Path: /auth/users/ | User: User: Anonymous | Data: {'email': 'boogym', 'first_name': 'John', 'last_name': 'Wick', 'password': 'Johnwick@123', 'is_superuser': False}
2024-10-10 06:43:25,574 - common.log_utils - DEBUG - Validating password.
2024-10-10 06:43:25,574 - common.log_utils - INFO - Password validated successfully.
2024-10-10 06:43:25,574 - common.log_utils - ERROR - Failed to create user: {'email': [ErrorDetail(string='Enter a valid email address.', code='invalid')]}
2024-10-10 06:43:45,065 - common.log_utils - INFO - POST /user-creation | Method: POST | Path: /auth/users/ | User: User: Anonymous | Data: {'email': 'boogyman@gmail.com', 'first_name': 'John', 'last_name': 'Wick', 'password': 'johnwick@123', 'is_superuser': False}
2024-10-10 06:43:45,080 - common.log_utils - DEBUG - Validating password.
2024-10-10 06:43:45,081 - common.log_utils - ERROR - Password validation failed.
2024-10-10 06:43:45,081 - common.log_utils - ERROR - Failed to create user: {'email': [ErrorDetail(string='user with this email already exists.', code='unique')], 'password': [ErrorDetail(string='Password must be at least 8 characters long, include an uppercase letter, a number, and a special character.', code='invalid')]}
2024-10-10 06:44:02,328 - common.log_utils - INFO - POST /user-creation | Method: POST | Path: /auth/users/ | User: User: Anonymous | Data: {'email': 'jonathan@gmail.com', 'first_name': 'John', 'last_name': 'Wick', 'password': 'johnwick@123', 'is_superuser': False}
2024-10-10 06:44:02,341 - common.log_utils - DEBUG - Validating email: jonathan@gmail.com
2024-10-10 06:44:02,341 - common.log_utils - INFO - Email jonathan@gmail.com validated successfully.
2024-10-10 06:44:02,342 - common.log_utils - DEBUG - Validating password.
2024-10-10 06:44:02,342 - common.log_utils - ERROR - Password validation failed.
2024-10-10 06:44:02,342 - common.log_utils - ERROR - Failed to create user: {'password': [ErrorDetail(string='Password must be at least 8 characters long, include an uppercase letter, a number, and a special character.', code='invalid')]}
2024-10-10 06:46:47,232 - common.log_utils - INFO - PUT /user-update/9 | Method: PUT | Path: /auth/users/9/ | User: User: 9 - ravilla.anil3@gmail.com | Data: {'email': 'ravilla.anil3@gmail.com', 'first_name': 'Anil', 'last_name': 'Ravilla', 'password': 'Admin@123', 'is_active': True, 'is_superuser': True}
2024-10-10 06:46:47,238 - common.log_utils - DEBUG - Validating email: ravilla.anil3@gmail.com
2024-10-10 06:46:47,238 - common.log_utils - INFO - Email ravilla.anil3@gmail.com validated successfully.
2024-10-10 06:46:47,238 - common.log_utils - DEBUG - Validating password.
2024-10-10 06:46:47,239 - common.log_utils - INFO - Password validated successfully.
2024-10-10 06:46:47,239 - common.log_utils - INFO - Updating user 9 with data: {'email': 'ravilla.anil3@gmail.com', 'first_name': 'Anil', 'last_name': 'Ravilla', 'is_active': True, 'is_superuser': True, 'password': 'Admin@123'}
2024-10-10 06:46:47,479 - common.log_utils - INFO - User 9 updated successfully.
2024-10-10 06:46:47,482 - common.log_utils - INFO - User 9 updated successfully | Status Code: 200 | Data: {'id': 9, 'email': 'ravilla.anil3@gmail.com', 'first_name': 'Anil', 'last_name': 'Ravilla', 'is_active': True, 'is_staff': True, 'is_superuser': True, 'date_joined': '2024-10-10T06:33:03.886084Z', 'updated_at': '2024-10-10T06:46:47.477736Z'}
2024-10-10 06:47:34,532 - common.log_utils - INFO - PUT /user-update/90000 | Method: PUT | Path: /auth/users/90000/ | User: User: 9 - ravilla.anil3@gmail.com | Data: {'email': 'ravilla.anil3@gmail.com', 'first_name': 'Anil', 'last_name': 'Ravilla', 'password': 'Admin@123', 'is_active': True, 'is_superuser': True}
2024-10-10 06:47:34,534 - common.log_utils - ERROR - User 90000 not found.
2024-10-10 06:48:00,237 - common.log_utils - INFO - PUT /user-update/9 | Method: PUT | Path: /auth/users/9/ | User: User: 9 - ravilla.anil3@gmail.com | Data: {'email': 'ravgmail.com', 'first_name': 'Anil', 'last_name': 'Ravilla', 'password': 'Admin@123', 'is_active': True, 'is_superuser': True}
2024-10-10 06:48:00,240 - common.log_utils - DEBUG - Validating password.
2024-10-10 06:48:00,240 - common.log_utils - INFO - Password validated successfully.
2024-10-10 06:48:00,241 - common.log_utils - ERROR - Failed to update user 9: {'email': [ErrorDetail(string='Enter a valid email address.', code='invalid')]}
2024-10-10 06:48:19,334 - common.log_utils - INFO - PUT /user-update/9 | Method: PUT | Path: /auth/users/9/ | User: User: 9 - ravilla.anil3@gmail.com | Data: {'email': 'ravilla.anil3@gmail.com', 'first_name': 'Anil', 'last_name': 'Ravilla', 'password': 'admin@123', 'is_active': True, 'is_superuser': True}
2024-10-10 06:48:19,339 - common.log_utils - DEBUG - Validating email: ravilla.anil3@gmail.com
2024-10-10 06:48:19,339 - common.log_utils - INFO - Email ravilla.anil3@gmail.com validated successfully.
2024-10-10 06:48:19,339 - common.log_utils - DEBUG - Validating password.
2024-10-10 06:48:19,340 - common.log_utils - ERROR - Password validation failed.
2024-10-10 06:48:19,340 - common.log_utils - ERROR - Failed to update user 9: {'password': [ErrorDetail(string='Password must be at least 8 characters long, include an uppercase letter, a number, and a special character.', code='invalid')]}
2024-10-10 06:50:02,825 - common.log_utils - INFO - POST /token-obtain-pair | Method: POST | Path: /auth/users/login | User: User: Anonymous | Data: {'email': 'ravilla.anil3@gmail.com', 'password': 'Rakn@7032'}
2024-10-10 06:50:03,081 - common.log_utils - ERROR - Invalid credentials or inactive user.
2024-10-10 06:50:17,035 - common.log_utils - INFO - POST /token-obtain-pair | Method: POST | Path: /auth/users/login | User: User: Anonymous | Data: {'email': 'ravilla.anil3@gmail.com', 'password': 'Admin@7032'}
2024-10-10 06:50:17,281 - common.log_utils - ERROR - Invalid credentials or inactive user.
2024-10-10 06:50:25,356 - common.log_utils - INFO - POST /token-obtain-pair | Method: POST | Path: /auth/users/login | User: User: Anonymous | Data: {'email': 'ravilla.anil3@gmail.com', 'password': 'Admin@123'}
2024-10-10 06:50:25,604 - common.log_utils - INFO - Token issued for user 9 | Status Code: 200 | Data: {'access': 'eyJhbGciOiJIUzI1NiIsInR5cCI6IkpXVCJ9.eyJ0b2tlbl90eXBlIjoiYWNjZXNzIiwiZXhwIjoxNzI4NjI5NDI1LCJpYXQiOjE3Mjg1NDMwMjUsImp0aSI6ImNlMmZjOGU1MzAyYTRkM2ZhMWVlY2VhYTg2MDczODg4IiwidXNlcl9pZCI6OSwiZW1haWwiOiJyYXZpbGxhLmFuaWwzQGdtYWlsLmNvbSIsImlzX3N1cGVydXNlciI6dHJ1ZSwicGVybWlzc2lvbnMiOlsidmlld19jYXRlZ29yeSIsInZpZXdfaXRlbSIsInVwZGF0ZV91c2VyIiwiY3JlYXRlX2NhdGVnb3J5IiwidXBkYXRlX2NhdGVnb3J5IiwiZGVsZXRlX2NhdGVnb3J5IiwiY3JlYXRlX2l0ZW0iLCJ1cGRhdGVfaXRlbSIsImRlbGV0ZV9pdGVtIl19.3iAwvo2EIag8OiPFKoQLqNLW8mXyGgZDLYdFxlhe7IM'}
2024-10-10 06:51:48,560 - common.log_utils - INFO - POST /token-obtain-pair | Method: POST | Path: /auth/users/login | User: User: Anonymous | Data: {'email': 'ravilla.anil3@gmail.com', 'password': 'Admin@1234'}
2024-10-10 06:51:48,807 - common.log_utils - ERROR - Invalid credentials or inactive user.
2024-10-10 06:55:15,368 - common.log_utils - INFO - POST /category-creation | Method: POST | Path: /inventory/category/ | User: User: 9 - ravilla.anil3@gmail.com | Data: {'name': 'Electronics'}
2024-10-10 06:55:15,379 - common.log_utils - INFO - Category created successfully | Status Code: 200 | Data: {'id': 8, 'name': 'Electronics'}
2024-10-10 06:55:38,202 - common.log_utils - INFO - POST /category-creation | Method: POST | Path: /inventory/category/ | User: User: 9 - ravilla.anil3@gmail.com | Data: {'name': 'Furniture'}
2024-10-10 06:55:38,208 - common.log_utils - INFO - Category created successfully | Status Code: 200 | Data: {'id': 9, 'name': 'Furniture'}
2024-10-10 06:55:44,238 - common.log_utils - INFO - POST /category-creation | Method: POST | Path: /inventory/category/ | User: User: 9 - ravilla.anil3@gmail.com | Data: {'name': 'Clothing'}
2024-10-10 06:55:44,244 - common.log_utils - INFO - Category created successfully | Status Code: 200 | Data: {'id': 10, 'name': 'Clothing'}
2024-10-10 06:55:54,251 - common.log_utils - INFO - POST /category-creation | Method: POST | Path: /inventory/category/ | User: User: 9 - ravilla.anil3@gmail.com | Data: {'name': 'Footwear'}
2024-10-10 06:55:54,255 - common.log_utils - INFO - Category created successfully | Status Code: 200 | Data: {'id': 11, 'name': 'Footwear'}
2024-10-10 06:56:04,699 - common.log_utils - INFO - POST /category-creation | Method: POST | Path: /inventory/category/ | User: User: 9 - ravilla.anil3@gmail.com | Data: {'name': 'Sports Equipment'}
2024-10-10 06:56:04,705 - common.log_utils - INFO - Category created successfully | Status Code: 200 | Data: {'id': 12, 'name': 'Sports Equipment'}
2024-10-10 06:56:14,703 - common.log_utils - INFO - POST /category-creation | Method: POST | Path: /inventory/category/ | User: User: 9 - ravilla.anil3@gmail.com | Data: {'name': 'Toys'}
2024-10-10 06:56:14,707 - common.log_utils - INFO - Category created successfully | Status Code: 200 | Data: {'id': 13, 'name': 'Toys'}
2024-10-10 06:56:25,651 - common.log_utils - INFO - POST /category-creation | Method: POST | Path: /inventory/category/ | User: User: 9 - ravilla.anil3@gmail.com | Data: {'name': 'Books'}
2024-10-10 06:56:25,655 - common.log_utils - INFO - Category created successfully | Status Code: 200 | Data: {'id': 14, 'name': 'Books'}
2024-10-10 06:56:31,814 - common.log_utils - INFO - POST /category-creation | Method: POST | Path: /inventory/category/ | User: User: 9 - ravilla.anil3@gmail.com | Data: {'name': 'Groceries'}
2024-10-10 06:56:31,820 - common.log_utils - INFO - Category created successfully | Status Code: 200 | Data: {'id': 15, 'name': 'Groceries'}
2024-10-10 06:56:39,425 - common.log_utils - INFO - POST /category-creation | Method: POST | Path: /inventory/category/ | User: User: 9 - ravilla.anil3@gmail.com | Data: {'name': 'Health & Beauty'}
2024-10-10 06:56:39,431 - common.log_utils - INFO - Category created successfully | Status Code: 200 | Data: {'id': 16, 'name': 'Health & Beauty'}
2024-10-10 06:56:47,568 - common.log_utils - INFO - POST /category-creation | Method: POST | Path: /inventory/category/ | User: User: 9 - ravilla.anil3@gmail.com | Data: {'name': 'Automotive'}
2024-10-10 06:56:47,573 - common.log_utils - INFO - Category created successfully | Status Code: 200 | Data: {'id': 17, 'name': 'Automotive'}
2024-10-10 06:56:53,148 - common.log_utils - INFO - POST /category-creation | Method: POST | Path: /inventory/category/ | User: User: 9 - ravilla.anil3@gmail.com | Data: {'name': 'Jewelry'}
2024-10-10 06:56:53,152 - common.log_utils - INFO - Category created successfully | Status Code: 200 | Data: {'id': 18, 'name': 'Jewelry'}
2024-10-10 06:57:01,440 - common.log_utils - INFO - POST /category-creation | Method: POST | Path: /inventory/category/ | User: User: 9 - ravilla.anil3@gmail.com | Data: {'name': 'Home Appliances'}
2024-10-10 06:57:01,446 - common.log_utils - INFO - Category created successfully | Status Code: 200 | Data: {'id': 19, 'name': 'Home Appliances'}
2024-10-10 06:57:09,789 - common.log_utils - INFO - POST /category-creation | Method: POST | Path: /inventory/category/ | User: User: 9 - ravilla.anil3@gmail.com | Data: {'name': 'Gardening Supplies'}
2024-10-10 06:57:09,795 - common.log_utils - INFO - Category created successfully | Status Code: 200 | Data: {'id': 20, 'name': 'Gardening Supplies'}
2024-10-10 06:57:19,707 - common.log_utils - INFO - POST /category-creation | Method: POST | Path: /inventory/category/ | User: User: 9 - ravilla.anil3@gmail.com | Data: {'name': 'Office Supplies'}
2024-10-10 06:57:19,714 - common.log_utils - INFO - Category created successfully | Status Code: 200 | Data: {'id': 21, 'name': 'Office Supplies'}
2024-10-10 06:57:30,470 - common.log_utils - INFO - POST /category-creation | Method: POST | Path: /inventory/category/ | User: User: 9 - ravilla.anil3@gmail.com | Data: {'name': 'Pet Supplies'}
2024-10-10 06:57:30,475 - common.log_utils - INFO - Category created successfully | Status Code: 200 | Data: {'id': 22, 'name': 'Pet Supplies'}
2024-10-10 06:57:36,158 - common.log_utils - INFO - POST /category-creation | Method: POST | Path: /inventory/category/ | User: User: 9 - ravilla.anil3@gmail.com | Data: {'name': 'Kitchenware'}
2024-10-10 06:57:36,164 - common.log_utils - INFO - Category created successfully | Status Code: 200 | Data: {'id': 23, 'name': 'Kitchenware'}
2024-10-10 06:57:46,182 - common.log_utils - INFO - POST /category-creation | Method: POST | Path: /inventory/category/ | User: User: 9 - ravilla.anil3@gmail.com | Data: {'name': 'Camping Gear'}
2024-10-10 06:57:46,186 - common.log_utils - INFO - Category created successfully | Status Code: 200 | Data: {'id': 24, 'name': 'Camping Gear'}
2024-10-10 06:57:54,852 - common.log_utils - INFO - POST /category-creation | Method: POST | Path: /inventory/category/ | User: User: 9 - ravilla.anil3@gmail.com | Data: {'name': 'Travel Accessories'}
2024-10-10 06:57:54,859 - common.log_utils - INFO - Category created successfully | Status Code: 200 | Data: {'id': 25, 'name': 'Travel Accessories'}
2024-10-10 06:58:05,575 - common.log_utils - INFO - POST /category-creation | Method: POST | Path: /inventory/category/ | User: User: 9 - ravilla.anil3@gmail.com | Data: {'name': 'Music Instruments'}
2024-10-10 06:58:05,581 - common.log_utils - INFO - Category created successfully | Status Code: 200 | Data: {'id': 26, 'name': 'Music Instruments'}
2024-10-10 06:58:15,340 - common.log_utils - INFO - POST /category-creation | Method: POST | Path: /inventory/category/ | User: User: 9 - ravilla.anil3@gmail.com | Data: {'name': 'Watches'}
2024-10-10 06:58:15,345 - common.log_utils - INFO - Category created successfully | Status Code: 200 | Data: {'id': 27, 'name': 'Watches'}
2024-10-10 06:58:29,488 - common.log_utils - INFO - POST /category-creation | Method: POST | Path: /inventory/category/ | User: User: 9 - ravilla.anil3@gmail.com | Data: {'name': ''}
2024-10-10 06:58:29,489 - common.log_utils - ERROR - Failed to create category: {'name': [ErrorDetail(string='This field may not be blank.', code='blank')]}
2024-10-10 06:58:54,268 - common.log_utils - INFO - GET /categories | Method: GET | Path: /inventory/categories/ | User: User: 9 - ravilla.anil3@gmail.com | Data: {}
2024-10-10 06:58:54,270 - common.log_utils - INFO - Categories retrieved successfully | Status Code: 200 | Data: [{'id': 8, 'name': 'Electronics'}, {'id': 9, 'name': 'Furniture'}, {'id': 10, 'name': 'Clothing'}, {'id': 11, 'name': 'Footwear'}, {'id': 12, 'name': 'Sports Equipment'}, {'id': 13, 'name': 'Toys'}, {'id': 14, 'name': 'Books'}, {'id': 15, 'name': 'Groceries'}, {'id': 16, 'name': 'Health & Beauty'}, {'id': 17, 'name': 'Automotive'}, {'id': 18, 'name': 'Jewelry'}, {'id': 19, 'name': 'Home Appliances'}, {'id': 20, 'name': 'Gardening Supplies'}, {'id': 21, 'name': 'Office Supplies'}, {'id': 22, 'name': 'Pet Supplies'}, {'id': 23, 'name': 'Kitchenware'}, {'id': 24, 'name': 'Camping Gear'}, {'id': 25, 'name': 'Travel Accessories'}, {'id': 26, 'name': 'Music Instruments'}, {'id': 27, 'name': 'Watches'}]
2024-10-10 06:59:13,196 - common.log_utils - INFO - GET /categories | Method: GET | Path: /inventory/categories/ | User: User: 9 - ravilla.anil3@gmail.com | Data: {}
2024-10-10 06:59:13,201 - common.log_utils - INFO - Categories retrieved successfully | Status Code: 200 | Data: []
2024-10-10 06:59:35,061 - common.log_utils - INFO - GET /categories | Method: GET | Path: /inventory/categories/ | User: User: 9 - ravilla.anil3@gmail.com | Data: {}
2024-10-10 06:59:35,063 - common.log_utils - INFO - Categories retrieved successfully | Status Code: 200 | Data: [{'id': 20, 'name': 'Gardening Supplies'}, {'id': 21, 'name': 'Office Supplies'}, {'id': 22, 'name': 'Pet Supplies'}]
2024-10-10 06:59:44,731 - common.log_utils - INFO - GET /categories | Method: GET | Path: /inventory/categories/ | User: User: 9 - ravilla.anil3@gmail.com | Data: {}
2024-10-10 06:59:44,735 - common.log_utils - INFO - Categories retrieved successfully | Status Code: 200 | Data: [{'id': 8, 'name': 'Electronics'}, {'id': 9, 'name': 'Furniture'}, {'id': 10, 'name': 'Clothing'}, {'id': 11, 'name': 'Footwear'}, {'id': 12, 'name': 'Sports Equipment'}, {'id': 13, 'name': 'Toys'}, {'id': 14, 'name': 'Books'}, {'id': 15, 'name': 'Groceries'}, {'id': 16, 'name': 'Health & Beauty'}, {'id': 17, 'name': 'Automotive'}, {'id': 18, 'name': 'Jewelry'}, {'id': 19, 'name': 'Home Appliances'}, {'id': 20, 'name': 'Gardening Supplies'}, {'id': 21, 'name': 'Office Supplies'}, {'id': 22, 'name': 'Pet Supplies'}, {'id': 23, 'name': 'Kitchenware'}, {'id': 24, 'name': 'Camping Gear'}, {'id': 25, 'name': 'Travel Accessories'}, {'id': 26, 'name': 'Music Instruments'}, {'id': 27, 'name': 'Watches'}]
2024-10-10 06:59:51,839 - common.log_utils - INFO - GET /categories | Method: GET | Path: /inventory/categories/ | User: User: 9 - ravilla.anil3@gmail.com | Data: {}
2024-10-10 06:59:51,843 - common.log_utils - INFO - Categories retrieved successfully | Status Code: 200 | Data: [{'id': 20, 'name': 'Gardening Supplies'}, {'id': 21, 'name': 'Office Supplies'}, {'id': 22, 'name': 'Pet Supplies'}]
2024-10-10 06:59:56,070 - common.log_utils - INFO - GET /categories | Method: GET | Path: /inventory/categories/ | User: User: 9 - ravilla.anil3@gmail.com | Data: {}
2024-10-10 06:59:56,072 - common.log_utils - INFO - Categories retrieved successfully | Status Code: 200 | Data: [{'id': 20, 'name': 'Gardening Supplies'}, {'id': 21, 'name': 'Office Supplies'}, {'id': 22, 'name': 'Pet Supplies'}]
2024-10-10 06:59:58,934 - common.log_utils - INFO - GET /categories | Method: GET | Path: /inventory/categories/ | User: User: 9 - ravilla.anil3@gmail.com | Data: {}
2024-10-10 06:59:58,936 - common.log_utils - INFO - Categories retrieved successfully | Status Code: 200 | Data: [{'id': 20, 'name': 'Gardening Supplies'}, {'id': 21, 'name': 'Office Supplies'}, {'id': 22, 'name': 'Pet Supplies'}]
2024-10-10 07:00:02,466 - common.log_utils - INFO - GET /categories | Method: GET | Path: /inventory/categories/ | User: User: 9 - ravilla.anil3@gmail.com | Data: {}
2024-10-10 07:00:02,469 - common.log_utils - INFO - Categories retrieved successfully | Status Code: 200 | Data: [{'id': 20, 'name': 'Gardening Supplies'}, {'id': 21, 'name': 'Office Supplies'}, {'id': 22, 'name': 'Pet Supplies'}]
2024-10-10 07:00:31,626 - common.log_utils - INFO - GET /categories | Method: GET | Path: /inventory/categories/ | User: User: 9 - ravilla.anil3@gmail.com | Data: {}
2024-10-10 07:00:31,630 - common.log_utils - INFO - Categories retrieved successfully | Status Code: 200 | Data: [{'id': 8, 'name': 'Electronics'}, {'id': 9, 'name': 'Furniture'}, {'id': 10, 'name': 'Clothing'}, {'id': 11, 'name': 'Footwear'}, {'id': 12, 'name': 'Sports Equipment'}, {'id': 13, 'name': 'Toys'}, {'id': 14, 'name': 'Books'}, {'id': 15, 'name': 'Groceries'}, {'id': 16, 'name': 'Health & Beauty'}, {'id': 17, 'name': 'Automotive'}, {'id': 18, 'name': 'Jewelry'}, {'id': 19, 'name': 'Home Appliances'}, {'id': 20, 'name': 'Gardening Supplies'}, {'id': 21, 'name': 'Office Supplies'}, {'id': 22, 'name': 'Pet Supplies'}, {'id': 23, 'name': 'Kitchenware'}, {'id': 24, 'name': 'Camping Gear'}, {'id': 25, 'name': 'Travel Accessories'}, {'id': 26, 'name': 'Music Instruments'}, {'id': 27, 'name': 'Watches'}]
2024-10-10 07:01:47,866 - common.log_utils - INFO - PUT /category-update/24 | Method: PUT | Path: /inventory/category/24/ | User: User: 9 - ravilla.anil3@gmail.com | Data: {'name': 'Camping Gear Supplies'}
2024-10-10 07:01:47,875 - common.log_utils - INFO - Category 24 updated successfully | Status Code: 200 | Data: {'id': 24, 'name': 'Camping Gear Supplies'}
2024-10-10 07:02:02,884 - common.log_utils - INFO - PUT /category-update/2400000 | Method: PUT | Path: /inventory/category/2400000/ | User: User: 9 - ravilla.anil3@gmail.com | Data: {'name': 'Camping Gear Supplies'}
2024-10-10 07:02:02,886 - common.log_utils - ERROR - Category 2400000 not found.
2024-10-10 07:02:21,594 - common.log_utils - INFO - GET /categories | Method: GET | Path: /inventory/categories/ | User: User: 9 - ravilla.anil3@gmail.com | Data: {}
2024-10-10 07:02:21,597 - common.log_utils - INFO - Categories retrieved successfully | Status Code: 200 | Data: [{'id': 8, 'name': 'Electronics'}, {'id': 9, 'name': 'Furniture'}, {'id': 10, 'name': 'Clothing'}, {'id': 11, 'name': 'Footwear'}, {'id': 12, 'name': 'Sports Equipment'}, {'id': 13, 'name': 'Toys'}, {'id': 14, 'name': 'Books'}, {'id': 15, 'name': 'Groceries'}, {'id': 16, 'name': 'Health & Beauty'}, {'id': 17, 'name': 'Automotive'}, {'id': 18, 'name': 'Jewelry'}, {'id': 19, 'name': 'Home Appliances'}, {'id': 20, 'name': 'Gardening Supplies'}, {'id': 21, 'name': 'Office Supplies'}, {'id': 22, 'name': 'Pet Supplies'}, {'id': 23, 'name': 'Kitchenware'}, {'id': 25, 'name': 'Travel Accessories'}, {'id': 26, 'name': 'Music Instruments'}, {'id': 27, 'name': 'Watches'}, {'id': 24, 'name': 'Camping Gear Supplies'}]
2024-10-10 07:02:33,074 - common.log_utils - INFO - GET /categories | Method: GET | Path: /inventory/categories/ | User: User: 9 - ravilla.anil3@gmail.com | Data: {}
2024-10-10 07:02:33,077 - common.log_utils - INFO - Categories retrieved successfully | Status Code: 200 | Data: [{'id': 8, 'name': 'Electronics'}, {'id': 9, 'name': 'Furniture'}, {'id': 10, 'name': 'Clothing'}, {'id': 11, 'name': 'Footwear'}, {'id': 12, 'name': 'Sports Equipment'}, {'id': 13, 'name': 'Toys'}, {'id': 14, 'name': 'Books'}, {'id': 15, 'name': 'Groceries'}, {'id': 16, 'name': 'Health & Beauty'}, {'id': 17, 'name': 'Automotive'}, {'id': 18, 'name': 'Jewelry'}, {'id': 19, 'name': 'Home Appliances'}, {'id': 20, 'name': 'Gardening Supplies'}, {'id': 21, 'name': 'Office Supplies'}, {'id': 22, 'name': 'Pet Supplies'}, {'id': 23, 'name': 'Kitchenware'}, {'id': 25, 'name': 'Travel Accessories'}, {'id': 26, 'name': 'Music Instruments'}, {'id': 27, 'name': 'Watches'}, {'id': 24, 'name': 'Camping Gear Supplies'}]
2024-10-10 07:03:23,450 - common.log_utils - INFO - DELETE /category-delete/27 | Method: DELETE | Path: /inventory/category/27/ | User: User: 9 - ravilla.anil3@gmail.com | Data: {}
2024-10-10 07:03:23,459 - common.log_utils - INFO - Category 27 deleted | Status Code: 200 | Data: {'message': 'Category deleted successfully.'}
2024-10-10 07:03:36,112 - common.log_utils - INFO - DELETE /category-delete/270000 | Method: DELETE | Path: /inventory/category/270000/ | User: User: 9 - ravilla.anil3@gmail.com | Data: {}
2024-10-10 07:03:36,115 - common.log_utils - ERROR - Category 270000 not found.
2024-10-10 07:04:04,023 - common.log_utils - INFO - DELETE /category-delete/5 | Method: DELETE | Path: /inventory/category/5/ | User: User: 9 - ravilla.anil3@gmail.com | Data: {}
2024-10-10 07:04:04,025 - common.log_utils - ERROR - Category 5 not found.
2024-10-10 07:04:05,012 - common.log_utils - INFO - DELETE /category-delete/5 | Method: DELETE | Path: /inventory/category/5/ | User: User: 9 - ravilla.anil3@gmail.com | Data: {}
2024-10-10 07:04:05,014 - common.log_utils - ERROR - Category 5 not found.
2024-10-10 07:04:05,587 - common.log_utils - INFO - DELETE /category-delete/5 | Method: DELETE | Path: /inventory/category/5/ | User: User: 9 - ravilla.anil3@gmail.com | Data: {}
2024-10-10 07:04:05,588 - common.log_utils - ERROR - Category 5 not found.
2024-10-10 07:06:42,386 - common.log_utils - INFO - POST /item-creation | Method: POST | Path: /inventory/item/ | User: User: 9 - ravilla.anil3@gmail.com | Data: {'category_id': 8, 'name': 'Smartphone', 'description': 'A high-performance laptop', 'sku': 'SKU001', 'quantity': 50, 'price': '699.99'}
2024-10-10 07:06:42,398 - common.log_utils - INFO - Creating Item with data: {'category': <Category: Electronics>, 'name': 'Smartphone', 'description': 'A high-performance laptop', 'sku': 'SKU001', 'quantity': 50, 'price': Decimal('699.99'), 'created_by': <User: Anil Ravilla (ravilla.anil3@gmail.com)>, 'updated_by': <User: Anil Ravilla (ravilla.anil3@gmail.com)>}
2024-10-10 07:06:42,402 - common.log_utils - INFO - Item 6 created successfully by ravilla.anil3@gmail.com
2024-10-10 07:06:42,416 - common.log_utils - INFO - Item 6 created and cached successfully | Status Code: 200 | Data: {'id': 6, 'category': {'id': 8, 'name': 'Electronics'}, 'name': 'Smartphone', 'description': 'A high-performance laptop', 'sku': 'SKU001', 'quantity': 50, 'price': '699.99', 'created_by': 'ravilla.anil3@gmail.com', 'updated_by': 'ravilla.anil3@gmail.com'}
2024-10-10 07:07:19,421 - common.log_utils - INFO - POST /item-creation | Method: POST | Path: /inventory/item/ | User: User: 9 - ravilla.anil3@gmail.com | Data: {'category_id': 8, 'name': 'Laptop', 'description': 'A high-performance laptop', 'sku': 'SKU002', 'quantity': 30, 'price': '999.99'}
2024-10-10 07:07:19,432 - common.log_utils - INFO - Creating Item with data: {'category': <Category: Electronics>, 'name': 'Laptop', 'description': 'A high-performance laptop', 'sku': 'SKU002', 'quantity': 30, 'price': Decimal('999.99'), 'created_by': <User: Anil Ravilla (ravilla.anil3@gmail.com)>, 'updated_by': <User: Anil Ravilla (ravilla.anil3@gmail.com)>}
2024-10-10 07:07:19,434 - common.log_utils - INFO - Item 7 created successfully by ravilla.anil3@gmail.com
2024-10-10 07:07:19,437 - common.log_utils - INFO - Item 7 created and cached successfully | Status Code: 200 | Data: {'id': 7, 'category': {'id': 8, 'name': 'Electronics'}, 'name': 'Laptop', 'description': 'A high-performance laptop', 'sku': 'SKU002', 'quantity': 30, 'price': '999.99', 'created_by': 'ravilla.anil3@gmail.com', 'updated_by': 'ravilla.anil3@gmail.com'}
2024-10-10 07:07:51,735 - common.log_utils - INFO - POST /item-creation | Method: POST | Path: /inventory/item/ | User: User: 9 - ravilla.anil3@gmail.com | Data: {'category_id': 100000, 'name': 'Laptop', 'description': 'A high-performance laptop', 'sku': 'SKU002', 'quantity': 30, 'price': '999.99'}
2024-10-10 07:07:51,741 - common.log_utils - ERROR - Failed to create item: {'category_id': [ErrorDetail(string='Invalid pk "100000" - object does not exist.', code='does_not_exist')], 'name': [ErrorDetail(string='item with this name already exists.', code='unique')], 'sku': [ErrorDetail(string='item with this sku already exists.', code='unique')]}
2024-10-10 07:09:06,089 - common.log_utils - INFO - POST /item-creation | Method: POST | Path: /inventory/item/ | User: User: 9 - ravilla.anil3@gmail.com | Data: {'category_id': 10000, 'name': 'T-Shirt', 'description': 'A Denim Rainbow colored T-Shirt', 'sku': 'SKU007', 'quantity': 200, 'price': '19.99'}
2024-10-10 07:09:06,099 - common.log_utils - ERROR - Failed to create item: {'category_id': [ErrorDetail(string='Invalid pk "10000" - object does not exist.', code='does_not_exist')]}
2024-10-10 07:09:19,209 - common.log_utils - INFO - POST /item-creation | Method: POST | Path: /inventory/item/ | User: User: 9 - ravilla.anil3@gmail.com | Data: {'category_id': 10, 'name': 'T-Shirt', 'description': 'A Denim Rainbow colored T-Shirt', 'sku': 'SKU007', 'quantity': 200, 'price': '19.99'}
2024-10-10 07:09:19,218 - common.log_utils - INFO - Creating Item with data: {'category': <Category: Clothing>, 'name': 'T-Shirt', 'description': 'A Denim Rainbow colored T-Shirt', 'sku': 'SKU007', 'quantity': 200, 'price': Decimal('19.99'), 'created_by': <User: Anil Ravilla (ravilla.anil3@gmail.com)>, 'updated_by': <User: Anil Ravilla (ravilla.anil3@gmail.com)>}
2024-10-10 07:09:19,220 - common.log_utils - INFO - Item 8 created successfully by ravilla.anil3@gmail.com
2024-10-10 07:09:19,224 - common.log_utils - INFO - Item 8 created and cached successfully | Status Code: 200 | Data: {'id': 8, 'category': {'id': 10, 'name': 'Clothing'}, 'name': 'T-Shirt', 'description': 'A Denim Rainbow colored T-Shirt', 'sku': 'SKU007', 'quantity': 200, 'price': '19.99', 'created_by': 'ravilla.anil3@gmail.com', 'updated_by': 'ravilla.anil3@gmail.com'}
2024-10-10 07:10:29,175 - common.log_utils - INFO - POST /item-creation | Method: POST | Path: /inventory/item/ | User: User: 9 - ravilla.anil3@gmail.com | Data: {'category_id': 10, 'name': 'Jeans', 'description': 'A Flying Machine black&blue colored Jeans', 'sku': 'SKU008', 'quantity': 150, 'price': '39.99'}
2024-10-10 07:10:29,183 - common.log_utils - INFO - Creating Item with data: {'category': <Category: Clothing>, 'name': 'Jeans', 'description': 'A Flying Machine black&blue colored Jeans', 'sku': 'SKU008', 'quantity': 150, 'price': Decimal('39.99'), 'created_by': <User: Anil Ravilla (ravilla.anil3@gmail.com)>, 'updated_by': <User: Anil Ravilla (ravilla.anil3@gmail.com)>}
2024-10-10 07:10:29,185 - common.log_utils - INFO - Item 9 created successfully by ravilla.anil3@gmail.com
2024-10-10 07:10:29,187 - common.log_utils - INFO - Item 9 created and cached successfully | Status Code: 200 | Data: {'id': 9, 'category': {'id': 10, 'name': 'Clothing'}, 'name': 'Jeans', 'description': 'A Flying Machine black&blue colored Jeans', 'sku': 'SKU008', 'quantity': 150, 'price': '39.99', 'created_by': 'ravilla.anil3@gmail.com', 'updated_by': 'ravilla.anil3@gmail.com'}
2024-10-10 07:12:10,865 - common.log_utils - INFO - POST /item-creation | Method: POST | Path: /inventory/item/ | User: User: 9 - ravilla.anil3@gmail.com | Data: {'category_id': 11, 'name': 'Sneakers', 'description': 'Comfortable and stylish sneakers for everyday wear.', 'sku': 'SKU010', 'quantity': 120, 'price': '59.99'}
2024-10-10 07:12:10,873 - common.log_utils - INFO - Creating Item with data: {'category': <Category: Footwear>, 'name': 'Sneakers', 'description': 'Comfortable and stylish sneakers for everyday wear.', 'sku': 'SKU010', 'quantity': 120, 'price': Decimal('59.99'), 'created_by': <User: Anil Ravilla (ravilla.anil3@gmail.com)>, 'updated_by': <User: Anil Ravilla (ravilla.anil3@gmail.com)>}
2024-10-10 07:12:10,875 - common.log_utils - INFO - Item 10 created successfully by ravilla.anil3@gmail.com
2024-10-10 07:12:10,878 - common.log_utils - INFO - Item 10 created and cached successfully | Status Code: 200 | Data: {'id': 10, 'category': {'id': 11, 'name': 'Footwear'}, 'name': 'Sneakers', 'description': 'Comfortable and stylish sneakers for everyday wear.', 'sku': 'SKU010', 'quantity': 120, 'price': '59.99', 'created_by': 'ravilla.anil3@gmail.com', 'updated_by': 'ravilla.anil3@gmail.com'}
2024-10-10 07:12:23,719 - common.log_utils - INFO - POST /item-creation | Method: POST | Path: /inventory/item/ | User: User: 9 - ravilla.anil3@gmail.com | Data: {'category_id': 11, 'name': 'Boots', 'description': 'Durable boots suitable for outdoor activities.', 'sku': 'SKU011', 'quantity': 80, 'price': '89.99'}
2024-10-10 07:12:23,726 - common.log_utils - INFO - Creating Item with data: {'category': <Category: Footwear>, 'name': 'Boots', 'description': 'Durable boots suitable for outdoor activities.', 'sku': 'SKU011', 'quantity': 80, 'price': Decimal('89.99'), 'created_by': <User: Anil Ravilla (ravilla.anil3@gmail.com)>, 'updated_by': <User: Anil Ravilla (ravilla.anil3@gmail.com)>}
2024-10-10 07:12:23,729 - common.log_utils - INFO - Item 11 created successfully by ravilla.anil3@gmail.com
2024-10-10 07:12:23,732 - common.log_utils - INFO - Item 11 created and cached successfully | Status Code: 200 | Data: {'id': 11, 'category': {'id': 11, 'name': 'Footwear'}, 'name': 'Boots', 'description': 'Durable boots suitable for outdoor activities.', 'sku': 'SKU011', 'quantity': 80, 'price': '89.99', 'created_by': 'ravilla.anil3@gmail.com', 'updated_by': 'ravilla.anil3@gmail.com'}
2024-10-10 07:12:42,540 - common.log_utils - INFO - POST /item-creation | Method: POST | Path: /inventory/item/ | User: User: 9 - ravilla.anil3@gmail.com | Data: {'category_id': 12, 'name': 'Tennis Racket', 'description': 'High-quality tennis racket for professional play.', 'sku': 'SKU013', 'quantity': 60, 'price': '89.99'}
2024-10-10 07:12:42,552 - common.log_utils - INFO - Creating Item with data: {'category': <Category: Sports Equipment>, 'name': 'Tennis Racket', 'description': 'High-quality tennis racket for professional play.', 'sku': 'SKU013', 'quantity': 60, 'price': Decimal('89.99'), 'created_by': <User: Anil Ravilla (ravilla.anil3@gmail.com)>, 'updated_by': <User: Anil Ravilla (ravilla.anil3@gmail.com)>}
2024-10-10 07:12:42,553 - common.log_utils - INFO - Item 12 created successfully by ravilla.anil3@gmail.com
2024-10-10 07:12:42,555 - common.log_utils - INFO - Item 12 created and cached successfully | Status Code: 200 | Data: {'id': 12, 'category': {'id': 12, 'name': 'Sports Equipment'}, 'name': 'Tennis Racket', 'description': 'High-quality tennis racket for professional play.', 'sku': 'SKU013', 'quantity': 60, 'price': '89.99', 'created_by': 'ravilla.anil3@gmail.com', 'updated_by': 'ravilla.anil3@gmail.com'}
2024-10-10 07:12:52,838 - common.log_utils - INFO - POST /item-creation | Method: POST | Path: /inventory/item/ | User: User: 9 - ravilla.anil3@gmail.com | Data: {'category_id': 12, 'name': 'Soccer Ball', 'description': 'Durable soccer ball for practice and matches.', 'sku': 'SKU014', 'quantity': 100, 'price': '29.99'}
2024-10-10 07:12:52,846 - common.log_utils - INFO - Creating Item with data: {'category': <Category: Sports Equipment>, 'name': 'Soccer Ball', 'description': 'Durable soccer ball for practice and matches.', 'sku': 'SKU014', 'quantity': 100, 'price': Decimal('29.99'), 'created_by': <User: Anil Ravilla (ravilla.anil3@gmail.com)>, 'updated_by': <User: Anil Ravilla (ravilla.anil3@gmail.com)>}
2024-10-10 07:12:52,848 - common.log_utils - INFO - Item 13 created successfully by ravilla.anil3@gmail.com
2024-10-10 07:12:52,852 - common.log_utils - INFO - Item 13 created and cached successfully | Status Code: 200 | Data: {'id': 13, 'category': {'id': 12, 'name': 'Sports Equipment'}, 'name': 'Soccer Ball', 'description': 'Durable soccer ball for practice and matches.', 'sku': 'SKU014', 'quantity': 100, 'price': '29.99', 'created_by': 'ravilla.anil3@gmail.com', 'updated_by': 'ravilla.anil3@gmail.com'}
2024-10-10 07:13:02,685 - common.log_utils - INFO - POST /item-creation | Method: POST | Path: /inventory/item/ | User: User: 9 - ravilla.anil3@gmail.com | Data: {'category_id': 12, 'name': 'Yoga Mat', 'description': 'Non-slip yoga mat for comfortable practice.', 'sku': 'SKU015', 'quantity': 120, 'price': '19.99'}
2024-10-10 07:13:02,690 - common.log_utils - INFO - Creating Item with data: {'category': <Category: Sports Equipment>, 'name': 'Yoga Mat', 'description': 'Non-slip yoga mat for comfortable practice.', 'sku': 'SKU015', 'quantity': 120, 'price': Decimal('19.99'), 'created_by': <User: Anil Ravilla (ravilla.anil3@gmail.com)>, 'updated_by': <User: Anil Ravilla (ravilla.anil3@gmail.com)>}
2024-10-10 07:13:02,691 - common.log_utils - INFO - Item 14 created successfully by ravilla.anil3@gmail.com
2024-10-10 07:13:02,692 - common.log_utils - INFO - Item 14 created and cached successfully | Status Code: 200 | Data: {'id': 14, 'category': {'id': 12, 'name': 'Sports Equipment'}, 'name': 'Yoga Mat', 'description': 'Non-slip yoga mat for comfortable practice.', 'sku': 'SKU015', 'quantity': 120, 'price': '19.99', 'created_by': 'ravilla.anil3@gmail.com', 'updated_by': 'ravilla.anil3@gmail.com'}
2024-10-10 07:13:36,232 - common.log_utils - INFO - POST /item-creation | Method: POST | Path: /inventory/item/ | User: User: 9 - ravilla.anil3@gmail.com | Data: {'category_id': 13, 'name': 'Building Blocks', 'description': 'Colorful building blocks for creative play.', 'sku': 'SKU016', 'quantity': 150, 'price': '39.99'}
2024-10-10 07:13:36,240 - common.log_utils - INFO - Creating Item with data: {'category': <Category: Toys>, 'name': 'Building Blocks', 'description': 'Colorful building blocks for creative play.', 'sku': 'SKU016', 'quantity': 150, 'price': Decimal('39.99'), 'created_by': <User: Anil Ravilla (ravilla.anil3@gmail.com)>, 'updated_by': <User: Anil Ravilla (ravilla.anil3@gmail.com)>}
2024-10-10 07:13:36,242 - common.log_utils - INFO - Item 15 created successfully by ravilla.anil3@gmail.com
2024-10-10 07:13:36,245 - common.log_utils - INFO - Item 15 created and cached successfully | Status Code: 200 | Data: {'id': 15, 'category': {'id': 13, 'name': 'Toys'}, 'name': 'Building Blocks', 'description': 'Colorful building blocks for creative play.', 'sku': 'SKU016', 'quantity': 150, 'price': '39.99', 'created_by': 'ravilla.anil3@gmail.com', 'updated_by': 'ravilla.anil3@gmail.com'}
2024-10-10 07:13:46,147 - common.log_utils - INFO - POST /item-creation | Method: POST | Path: /inventory/item/ | User: User: 9 - ravilla.anil3@gmail.com | Data: {'category_id': 13, 'name': 'Action Figure', 'description': 'Collectible action figure from your favorite series.', 'sku': 'SKU017', 'quantity': 200, 'price': '24.99'}
2024-10-10 07:13:46,156 - common.log_utils - INFO - Creating Item with data: {'category': <Category: Toys>, 'name': 'Action Figure', 'description': 'Collectible action figure from your favorite series.', 'sku': 'SKU017', 'quantity': 200, 'price': Decimal('24.99'), 'created_by': <User: Anil Ravilla (ravilla.anil3@gmail.com)>, 'updated_by': <User: Anil Ravilla (ravilla.anil3@gmail.com)>}
2024-10-10 07:13:46,158 - common.log_utils - INFO - Item 16 created successfully by ravilla.anil3@gmail.com
2024-10-10 07:13:46,161 - common.log_utils - INFO - Item 16 created and cached successfully | Status Code: 200 | Data: {'id': 16, 'category': {'id': 13, 'name': 'Toys'}, 'name': 'Action Figure', 'description': 'Collectible action figure from your favorite series.', 'sku': 'SKU017', 'quantity': 200, 'price': '24.99', 'created_by': 'ravilla.anil3@gmail.com', 'updated_by': 'ravilla.anil3@gmail.com'}
2024-10-10 07:14:00,194 - common.log_utils - INFO - POST /item-creation | Method: POST | Path: /inventory/item/ | User: User: 9 - ravilla.anil3@gmail.com | Data: {'category_id': 13, 'name': 'Dollhouse', 'description': 'Beautifully designed dollhouse for imaginative play.', 'sku': 'SKU018', 'quantity': 30, 'price': '149.99'}
2024-10-10 07:14:00,205 - common.log_utils - INFO - Creating Item with data: {'category': <Category: Toys>, 'name': 'Dollhouse', 'description': 'Beautifully designed dollhouse for imaginative play.', 'sku': 'SKU018', 'quantity': 30, 'price': Decimal('149.99'), 'created_by': <User: Anil Ravilla (ravilla.anil3@gmail.com)>, 'updated_by': <User: Anil Ravilla (ravilla.anil3@gmail.com)>}
2024-10-10 07:14:00,207 - common.log_utils - INFO - Item 17 created successfully by ravilla.anil3@gmail.com
2024-10-10 07:14:00,210 - common.log_utils - INFO - Item 17 created and cached successfully | Status Code: 200 | Data: {'id': 17, 'category': {'id': 13, 'name': 'Toys'}, 'name': 'Dollhouse', 'description': 'Beautifully designed dollhouse for imaginative play.', 'sku': 'SKU018', 'quantity': 30, 'price': '149.99', 'created_by': 'ravilla.anil3@gmail.com', 'updated_by': 'ravilla.anil3@gmail.com'}
2024-10-10 07:14:10,109 - common.log_utils - INFO - POST /item-creation | Method: POST | Path: /inventory/item/ | User: User: 9 - ravilla.anil3@gmail.com | Data: {'category_id': 13, 'name': 'Dollhouse', 'description': 'Beautifully designed dollhouse for imaginative play.', 'sku': 'SKU018', 'quantity': 30, 'price': '149.99'}
2024-10-10 07:14:10,118 - common.log_utils - ERROR - Failed to create item: {'name': [ErrorDetail(string='item with this name already exists.', code='unique')], 'sku': [ErrorDetail(string='item with this sku already exists.', code='unique')]}
2024-10-10 07:17:45,135 - common.log_utils - INFO - PUT /item-update/6 | Method: PUT | Path: /inventory/item/6/ | User: User: 9 - ravilla.anil3@gmail.com | Data: {'category_id': 8, 'name': 'Smartphone', 'description': 'A high-performance Mobile phone', 'sku': 'SKU001', 'quantity': 50, 'price': '899.00'}
2024-10-10 07:17:45,147 - common.log_utils - INFO - Updating Item 6 with data: {'category': <Category: Electronics>, 'name': 'Smartphone', 'description': 'A high-performance Mobile phone', 'sku': 'SKU001', 'quantity': 50, 'price': Decimal('899.00'), 'updated_by': <User: Anil Ravilla (ravilla.anil3@gmail.com)>}
2024-10-10 07:17:45,149 - common.log_utils - INFO - Item 6 updated successfully by ravilla.anil3@gmail.com
2024-10-10 07:17:45,154 - common.log_utils - INFO - Item 6 updated and cache refreshed successfully | Status Code: 200 | Data: {'id': 6, 'category': {'id': 8, 'name': 'Electronics'}, 'name': 'Smartphone', 'description': 'A high-performance Mobile phone', 'sku': 'SKU001', 'quantity': 50, 'price': '899.00', 'created_by': 'ravilla.anil3@gmail.com', 'updated_by': 'ravilla.anil3@gmail.com'}
2024-10-10 07:18:01,930 - common.log_utils - INFO - PUT /item-update/60000 | Method: PUT | Path: /inventory/item/60000/ | User: User: 9 - ravilla.anil3@gmail.com | Data: {'category_id': 8, 'name': 'Smartphone', 'description': 'A high-performance Mobile phone', 'sku': 'SKU001', 'quantity': 50, 'price': '899.00'}
2024-10-10 07:18:01,936 - common.log_utils - ERROR - Item 60000 not found.
2024-10-10 07:18:44,903 - common.log_utils - INFO - PUT /item-update/6 | Method: PUT | Path: /inventory/item/6/ | User: User: 9 - ravilla.anil3@gmail.com | Data: {'category_id': 80000, 'name': 'Smartphone', 'description': 'A high-performance Mobile phone', 'sku': 'SKU001', 'quantity': 50, 'price': '899.00'}
2024-10-10 07:18:44,915 - common.log_utils - ERROR - Failed to update item 6: {'category_id': [ErrorDetail(string='Invalid pk "80000" - object does not exist.', code='does_not_exist')]}
2024-10-10 07:19:04,512 - common.log_utils - INFO - PUT /item-update/6 | Method: PUT | Path: /inventory/item/6/ | User: User: 9 - ravilla.anil3@gmail.com | Data: {'category_id': 8, 'name': 'Smartphone', 'description': 'A high-performance Mobile phone', 'sku': 'SKU001', 'quantity': 50, 'price': '899.00'}
2024-10-10 07:19:04,522 - common.log_utils - INFO - Updating Item 6 with data: {'category': <Category: Electronics>, 'name': 'Smartphone', 'description': 'A high-performance Mobile phone', 'sku': 'SKU001', 'quantity': 50, 'price': Decimal('899.00'), 'updated_by': <User: Anil Ravilla (ravilla.anil3@gmail.com)>}
2024-10-10 07:19:04,525 - common.log_utils - INFO - Item 6 updated successfully by ravilla.anil3@gmail.com
2024-10-10 07:19:04,529 - common.log_utils - INFO - Item 6 updated and cache refreshed successfully | Status Code: 200 | Data: {'id': 6, 'category': {'id': 8, 'name': 'Electronics'}, 'name': 'Smartphone', 'description': 'A high-performance Mobile phone', 'sku': 'SKU001', 'quantity': 50, 'price': '899.00', 'created_by': 'ravilla.anil3@gmail.com', 'updated_by': 'ravilla.anil3@gmail.com'}
2024-10-10 07:19:05,981 - common.log_utils - INFO - PUT /item-update/6 | Method: PUT | Path: /inventory/item/6/ | User: User: 9 - ravilla.anil3@gmail.com | Data: {'category_id': 8, 'name': 'Smartphone', 'description': 'A high-performance Mobile phone', 'sku': 'SKU001', 'quantity': 50, 'price': '899.00'}
2024-10-10 07:19:05,992 - common.log_utils - INFO - Updating Item 6 with data: {'category': <Category: Electronics>, 'name': 'Smartphone', 'description': 'A high-performance Mobile phone', 'sku': 'SKU001', 'quantity': 50, 'price': Decimal('899.00'), 'updated_by': <User: Anil Ravilla (ravilla.anil3@gmail.com)>}
2024-10-10 07:19:05,994 - common.log_utils - INFO - Item 6 updated successfully by ravilla.anil3@gmail.com
2024-10-10 07:19:05,998 - common.log_utils - INFO - Item 6 updated and cache refreshed successfully | Status Code: 200 | Data: {'id': 6, 'category': {'id': 8, 'name': 'Electronics'}, 'name': 'Smartphone', 'description': 'A high-performance Mobile phone', 'sku': 'SKU001', 'quantity': 50, 'price': '899.00', 'created_by': 'ravilla.anil3@gmail.com', 'updated_by': 'ravilla.anil3@gmail.com'}
2024-10-10 07:19:06,651 - common.log_utils - INFO - PUT /item-update/6 | Method: PUT | Path: /inventory/item/6/ | User: User: 9 - ravilla.anil3@gmail.com | Data: {'category_id': 8, 'name': 'Smartphone', 'description': 'A high-performance Mobile phone', 'sku': 'SKU001', 'quantity': 50, 'price': '899.00'}
2024-10-10 07:19:06,658 - common.log_utils - INFO - Updating Item 6 with data: {'category': <Category: Electronics>, 'name': 'Smartphone', 'description': 'A high-performance Mobile phone', 'sku': 'SKU001', 'quantity': 50, 'price': Decimal('899.00'), 'updated_by': <User: Anil Ravilla (ravilla.anil3@gmail.com)>}
2024-10-10 07:19:06,660 - common.log_utils - INFO - Item 6 updated successfully by ravilla.anil3@gmail.com
2024-10-10 07:19:06,664 - common.log_utils - INFO - Item 6 updated and cache refreshed successfully | Status Code: 200 | Data: {'id': 6, 'category': {'id': 8, 'name': 'Electronics'}, 'name': 'Smartphone', 'description': 'A high-performance Mobile phone', 'sku': 'SKU001', 'quantity': 50, 'price': '899.00', 'created_by': 'ravilla.anil3@gmail.com', 'updated_by': 'ravilla.anil3@gmail.com'}
2024-10-10 07:19:20,244 - common.log_utils - INFO - GET /item/5 | Method: GET | Path: /inventory/item/5/ | User: User: 9 - ravilla.anil3@gmail.com | Data: {}
2024-10-10 07:19:20,245 - common.log_utils - INFO - Item 5 retrieved from cache | Status Code: 200 | Data: {'id': 5, 'category': {'id': 2, 'name': 'Electronic'}, 'name': 'Laptop11', 'description': 'A high-performance laptop', 'sku': 'LAP12311', 'quantity': 10, 'price': '1500.00', 'created_by': 'admin123@gmail.com', 'updated_by': 'admin123@gmail.com'}
2024-10-10 07:19:33,607 - common.log_utils - INFO - GET /item/5 | Method: GET | Path: /inventory/item/5/ | User: User: 9 - ravilla.anil3@gmail.com | Data: {}
2024-10-10 07:19:33,608 - common.log_utils - INFO - Item 5 retrieved from cache | Status Code: 200 | Data: {'id': 5, 'category': {'id': 2, 'name': 'Electronic'}, 'name': 'Laptop11', 'description': 'A high-performance laptop', 'sku': 'LAP12311', 'quantity': 10, 'price': '1500.00', 'created_by': 'admin123@gmail.com', 'updated_by': 'admin123@gmail.com'}
2024-10-10 07:19:34,321 - common.log_utils - INFO - GET /item/5 | Method: GET | Path: /inventory/item/5/ | User: User: 9 - ravilla.anil3@gmail.com | Data: {}
2024-10-10 07:19:34,322 - common.log_utils - INFO - Item 5 retrieved from cache | Status Code: 200 | Data: {'id': 5, 'category': {'id': 2, 'name': 'Electronic'}, 'name': 'Laptop11', 'description': 'A high-performance laptop', 'sku': 'LAP12311', 'quantity': 10, 'price': '1500.00', 'created_by': 'admin123@gmail.com', 'updated_by': 'admin123@gmail.com'}
2024-10-10 07:19:34,914 - common.log_utils - INFO - GET /item/5 | Method: GET | Path: /inventory/item/5/ | User: User: 9 - ravilla.anil3@gmail.com | Data: {}
2024-10-10 07:19:34,915 - common.log_utils - INFO - Item 5 retrieved from cache | Status Code: 200 | Data: {'id': 5, 'category': {'id': 2, 'name': 'Electronic'}, 'name': 'Laptop11', 'description': 'A high-performance laptop', 'sku': 'LAP12311', 'quantity': 10, 'price': '1500.00', 'created_by': 'admin123@gmail.com', 'updated_by': 'admin123@gmail.com'}
2024-10-10 07:19:35,438 - common.log_utils - INFO - GET /item/5 | Method: GET | Path: /inventory/item/5/ | User: User: 9 - ravilla.anil3@gmail.com | Data: {}
2024-10-10 07:19:35,438 - common.log_utils - INFO - Item 5 retrieved from cache | Status Code: 200 | Data: {'id': 5, 'category': {'id': 2, 'name': 'Electronic'}, 'name': 'Laptop11', 'description': 'A high-performance laptop', 'sku': 'LAP12311', 'quantity': 10, 'price': '1500.00', 'created_by': 'admin123@gmail.com', 'updated_by': 'admin123@gmail.com'}
2024-10-10 07:19:35,887 - common.log_utils - INFO - GET /item/5 | Method: GET | Path: /inventory/item/5/ | User: User: 9 - ravilla.anil3@gmail.com | Data: {}
2024-10-10 07:19:35,887 - common.log_utils - INFO - Item 5 retrieved from cache | Status Code: 200 | Data: {'id': 5, 'category': {'id': 2, 'name': 'Electronic'}, 'name': 'Laptop11', 'description': 'A high-performance laptop', 'sku': 'LAP12311', 'quantity': 10, 'price': '1500.00', 'created_by': 'admin123@gmail.com', 'updated_by': 'admin123@gmail.com'}
2024-10-10 07:19:37,056 - common.log_utils - INFO - GET /item/5 | Method: GET | Path: /inventory/item/5/ | User: User: 9 - ravilla.anil3@gmail.com | Data: {}
2024-10-10 07:19:37,057 - common.log_utils - INFO - Item 5 retrieved from cache | Status Code: 200 | Data: {'id': 5, 'category': {'id': 2, 'name': 'Electronic'}, 'name': 'Laptop11', 'description': 'A high-performance laptop', 'sku': 'LAP12311', 'quantity': 10, 'price': '1500.00', 'created_by': 'admin123@gmail.com', 'updated_by': 'admin123@gmail.com'}
2024-10-10 07:19:37,749 - common.log_utils - INFO - GET /item/5 | Method: GET | Path: /inventory/item/5/ | User: User: 9 - ravilla.anil3@gmail.com | Data: {}
2024-10-10 07:19:37,750 - common.log_utils - INFO - Item 5 retrieved from cache | Status Code: 200 | Data: {'id': 5, 'category': {'id': 2, 'name': 'Electronic'}, 'name': 'Laptop11', 'description': 'A high-performance laptop', 'sku': 'LAP12311', 'quantity': 10, 'price': '1500.00', 'created_by': 'admin123@gmail.com', 'updated_by': 'admin123@gmail.com'}
2024-10-10 07:19:38,334 - common.log_utils - INFO - GET /item/5 | Method: GET | Path: /inventory/item/5/ | User: User: 9 - ravilla.anil3@gmail.com | Data: {}
2024-10-10 07:19:38,335 - common.log_utils - INFO - Item 5 retrieved from cache | Status Code: 200 | Data: {'id': 5, 'category': {'id': 2, 'name': 'Electronic'}, 'name': 'Laptop11', 'description': 'A high-performance laptop', 'sku': 'LAP12311', 'quantity': 10, 'price': '1500.00', 'created_by': 'admin123@gmail.com', 'updated_by': 'admin123@gmail.com'}
2024-10-10 07:19:38,825 - common.log_utils - INFO - GET /item/5 | Method: GET | Path: /inventory/item/5/ | User: User: 9 - ravilla.anil3@gmail.com | Data: {}
2024-10-10 07:19:38,826 - common.log_utils - INFO - Item 5 retrieved from cache | Status Code: 200 | Data: {'id': 5, 'category': {'id': 2, 'name': 'Electronic'}, 'name': 'Laptop11', 'description': 'A high-performance laptop', 'sku': 'LAP12311', 'quantity': 10, 'price': '1500.00', 'created_by': 'admin123@gmail.com', 'updated_by': 'admin123@gmail.com'}
2024-10-10 07:19:39,307 - common.log_utils - INFO - GET /item/5 | Method: GET | Path: /inventory/item/5/ | User: User: 9 - ravilla.anil3@gmail.com | Data: {}
2024-10-10 07:19:39,307 - common.log_utils - INFO - Item 5 retrieved from cache | Status Code: 200 | Data: {'id': 5, 'category': {'id': 2, 'name': 'Electronic'}, 'name': 'Laptop11', 'description': 'A high-performance laptop', 'sku': 'LAP12311', 'quantity': 10, 'price': '1500.00', 'created_by': 'admin123@gmail.com', 'updated_by': 'admin123@gmail.com'}
2024-10-10 07:19:52,691 - common.log_utils - INFO - DELETE /item-delete/5 | Method: DELETE | Path: /inventory/item/5/ | User: User: 9 - ravilla.anil3@gmail.com | Data: {}
2024-10-10 07:19:52,696 - common.log_utils - ERROR - Item 5 not found.
2024-10-10 07:19:56,813 - common.log_utils - INFO - GET /item/5 | Method: GET | Path: /inventory/item/5/ | User: User: 9 - ravilla.anil3@gmail.com | Data: {}
2024-10-10 07:19:56,813 - common.log_utils - INFO - Item 5 retrieved from cache | Status Code: 200 | Data: {'id': 5, 'category': {'id': 2, 'name': 'Electronic'}, 'name': 'Laptop11', 'description': 'A high-performance laptop', 'sku': 'LAP12311', 'quantity': 10, 'price': '1500.00', 'created_by': 'admin123@gmail.com', 'updated_by': 'admin123@gmail.com'}
2024-10-10 07:20:17,600 - common.log_utils - INFO - GET /item/12 | Method: GET | Path: /inventory/item/12/ | User: User: 9 - ravilla.anil3@gmail.com | Data: {}
2024-10-10 07:20:17,601 - common.log_utils - INFO - Item 12 retrieved from cache | Status Code: 200 | Data: {'id': 12, 'category': {'id': 12, 'name': 'Sports Equipment'}, 'name': 'Tennis Racket', 'description': 'High-quality tennis racket for professional play.', 'sku': 'SKU013', 'quantity': 60, 'price': '89.99', 'created_by': 'ravilla.anil3@gmail.com', 'updated_by': 'ravilla.anil3@gmail.com'}
2024-10-10 07:20:32,029 - common.log_utils - INFO - GET /item/12000 | Method: GET | Path: /inventory/item/12000/ | User: User: 9 - ravilla.anil3@gmail.com | Data: {}
2024-10-10 07:20:32,031 - common.log_utils - ERROR - Item 12000 not found.
2024-10-10 07:20:48,544 - common.log_utils - INFO - GET /item/12 | Method: GET | Path: /inventory/item/12/ | User: User: 9 - ravilla.anil3@gmail.com | Data: {}
2024-10-10 07:20:48,545 - common.log_utils - INFO - Item 12 retrieved from cache | Status Code: 200 | Data: {'id': 12, 'category': {'id': 12, 'name': 'Sports Equipment'}, 'name': 'Tennis Racket', 'description': 'High-quality tennis racket for professional play.', 'sku': 'SKU013', 'quantity': 60, 'price': '89.99', 'created_by': 'ravilla.anil3@gmail.com', 'updated_by': 'ravilla.anil3@gmail.com'}
2024-10-10 07:21:44,595 - common.log_utils - INFO - DELETE /item-delete/17 | Method: DELETE | Path: /inventory/item/17/ | User: User: 9 - ravilla.anil3@gmail.com | Data: {}
2024-10-10 07:21:44,604 - common.log_utils - INFO - Item 17 deleted and cache cleared | Status Code: 200 | Data: {'message': 'Item deleted successfully.'}
2024-10-10 07:21:55,464 - common.log_utils - INFO - DELETE /item-delete/17 | Method: DELETE | Path: /inventory/item/17/ | User: User: 9 - ravilla.anil3@gmail.com | Data: {}
2024-10-10 07:21:55,469 - common.log_utils - ERROR - Item 17 not found.
2024-10-10 08:08:45,995 - common.log_utils - INFO - POST /token-obtain-pair | Method: POST | Path: /auth/users/login | User: User: Anonymous | Data: {'email': 'boogyman@gmail.com', 'password': 'Johnwick@123'}
2024-10-10 08:08:46,264 - common.log_utils - INFO - Token issued for user 10 | Status Code: 200 | Data: {'access': 'eyJhbGciOiJIUzI1NiIsInR5cCI6IkpXVCJ9.eyJ0b2tlbl90eXBlIjoiYWNjZXNzIiwiZXhwIjoxNzI4NjM0MTI2LCJpYXQiOjE3Mjg1NDc3MjYsImp0aSI6IjI3ZTQzYmRhNDVjMTQ3ZWU4OWI3NjEzOTVlY2EwMDZmIiwidXNlcl9pZCI6MTAsImVtYWlsIjoiYm9vZ3ltYW5AZ21haWwuY29tIiwiaXNfc3VwZXJ1c2VyIjpmYWxzZSwicGVybWlzc2lvbnMiOlsidmlld19jYXRlZ29yeSIsInZpZXdfaXRlbSIsInVwZGF0ZV91c2VyIl19.yLJS09dzZ1qf8tLDufwwKWQFVCiUXWgY9J8oyMa9rHo'}
2024-10-10 08:10:09,099 - common.log_utils - INFO - POST /token-obtain-pair | Method: POST | Path: /auth/users/login | User: User: Anonymous | Data: {'email': 'boogyman@gmail.com', 'password': 'Johnwick@12'}
2024-10-10 08:10:09,337 - common.log_utils - ERROR - Invalid credentials or inactive user.
2024-10-10 08:13:03,141 - common.log_utils - INFO - PUT /user-update/9 | Method: PUT | Path: /auth/users/9/ | User: User: 10 - boogyman@gmail.com | Data: {'email': 'boogyman@gmail.com', 'first_name': 'Mr.John', 'last_name': 'Wick', 'password': 'Johnwick@123', 'is_active': True, 'is_superuser': False}
2024-10-10 08:13:03,148 - common.log_utils - DEBUG - Validating password.
2024-10-10 08:13:03,149 - common.log_utils - INFO - Password validated successfully.
2024-10-10 08:13:03,149 - common.log_utils - ERROR - Failed to update user 9: {'email': [ErrorDetail(string='user with this email already exists.', code='unique')]}
2024-10-10 08:13:29,566 - common.log_utils - INFO - PUT /user-update/10 | Method: PUT | Path: /auth/users/10/ | User: User: 10 - boogyman@gmail.com | Data: {'email': 'boogyman@gmail.com', 'first_name': 'Mr.John', 'last_name': 'Wick', 'password': 'Johnwick@123', 'is_active': True, 'is_superuser': False}
2024-10-10 08:13:29,570 - common.log_utils - DEBUG - Validating email: boogyman@gmail.com
2024-10-10 08:13:29,570 - common.log_utils - INFO - Email boogyman@gmail.com validated successfully.
2024-10-10 08:13:29,571 - common.log_utils - DEBUG - Validating password.
2024-10-10 08:13:29,571 - common.log_utils - INFO - Password validated successfully.
2024-10-10 08:13:29,571 - common.log_utils - INFO - Updating user 10 with data: {'email': 'boogyman@gmail.com', 'first_name': 'Mr.John', 'last_name': 'Wick', 'is_active': True, 'is_superuser': False, 'password': 'Johnwick@123'}
2024-10-10 08:13:29,827 - common.log_utils - INFO - User 10 updated successfully.
2024-10-10 08:13:29,829 - common.log_utils - INFO - User 10 updated successfully | Status Code: 200 | Data: {'id': 10, 'email': 'boogyman@gmail.com', 'first_name': 'Mr.John', 'last_name': 'Wick', 'is_active': True, 'is_staff': False, 'is_superuser': False, 'date_joined': '2024-10-10T06:35:21.759061Z', 'updated_at': '2024-10-10T08:13:29.809720Z'}
2024-10-10 08:13:34,499 - common.log_utils - INFO - PUT /user-update/10 | Method: PUT | Path: /auth/users/10/ | User: User: 10 - boogyman@gmail.com | Data: {'email': 'boogyman@gmail.com', 'first_name': 'Mr.John', 'last_name': 'Wick', 'password': 'Johnwick@123', 'is_active': True, 'is_superuser': False}
2024-10-10 08:13:34,503 - common.log_utils - DEBUG - Validating email: boogyman@gmail.com
2024-10-10 08:13:34,504 - common.log_utils - INFO - Email boogyman@gmail.com validated successfully.
2024-10-10 08:13:34,504 - common.log_utils - DEBUG - Validating password.
2024-10-10 08:13:34,504 - common.log_utils - INFO - Password validated successfully.
2024-10-10 08:13:34,504 - common.log_utils - INFO - Updating user 10 with data: {'email': 'boogyman@gmail.com', 'first_name': 'Mr.John', 'last_name': 'Wick', 'is_active': True, 'is_superuser': False, 'password': 'Johnwick@123'}
2024-10-10 08:13:34,745 - common.log_utils - INFO - User 10 updated successfully.
2024-10-10 08:13:34,746 - common.log_utils - INFO - User 10 updated successfully | Status Code: 200 | Data: {'id': 10, 'email': 'boogyman@gmail.com', 'first_name': 'Mr.John', 'last_name': 'Wick', 'is_active': True, 'is_staff': False, 'is_superuser': False, 'date_joined': '2024-10-10T06:35:21.759061Z', 'updated_at': '2024-10-10T08:13:34.744044Z'}
2024-10-10 08:14:02,134 - common.log_utils - INFO - PUT /user-update/9 | Method: PUT | Path: /auth/users/9/ | User: User: 10 - boogyman@gmail.com | Data: {'email': 'boogyman@gmail.com', 'first_name': 'Mr.John', 'last_name': 'Wick', 'password': 'Johnwick@123', 'is_active': True, 'is_superuser': False}
2024-10-10 08:14:02,139 - common.log_utils - DEBUG - Validating password.
2024-10-10 08:14:02,139 - common.log_utils - INFO - Password validated successfully.
2024-10-10 08:14:02,140 - common.log_utils - ERROR - Failed to update user 9: {'email': [ErrorDetail(string='user with this email already exists.', code='unique')]}
2024-10-10 08:14:26,979 - common.log_utils - INFO - PUT /user-update/10 | Method: PUT | Path: /auth/users/10/ | User: User: 10 - boogyman@gmail.com | Data: {'email': 'boogyman@gmam', 'first_name': 'Mr.John', 'last_name': 'Wick', 'password': 'Johnwick@123', 'is_active': True, 'is_superuser': False}
2024-10-10 08:14:26,986 - common.log_utils - DEBUG - Validating password.
2024-10-10 08:14:26,986 - common.log_utils - INFO - Password validated successfully.
2024-10-10 08:14:26,986 - common.log_utils - ERROR - Failed to update user 10: {'email': [ErrorDetail(string='Enter a valid email address.', code='invalid')]}
2024-10-10 08:14:45,734 - common.log_utils - INFO - PUT /user-update/10 | Method: PUT | Path: /auth/users/10/ | User: User: 10 - boogyman@gmail.com | Data: {'email': 'boogyman@gmail.com', 'first_name': 'Mr.John', 'last_name': 'Wick', 'password': 'ohnwick@123', 'is_active': True, 'is_superuser': False}
2024-10-10 08:14:45,738 - common.log_utils - DEBUG - Validating email: boogyman@gmail.com
2024-10-10 08:14:45,738 - common.log_utils - INFO - Email boogyman@gmail.com validated successfully.
2024-10-10 08:14:45,738 - common.log_utils - DEBUG - Validating password.
2024-10-10 08:14:45,738 - common.log_utils - ERROR - Password validation failed.
2024-10-10 08:14:45,739 - common.log_utils - ERROR - Failed to update user 10: {'password': [ErrorDetail(string='Password must be at least 8 characters long, include an uppercase letter, a number, and a special character.', code='invalid')]}
2024-10-10 08:15:14,072 - common.log_utils - INFO - GET /categories | Method: GET | Path: /inventory/categories/ | User: User: 10 - boogyman@gmail.com | Data: {}
2024-10-10 08:15:14,075 - common.log_utils - INFO - Categories retrieved successfully | Status Code: 200 | Data: [{'id': 8, 'name': 'Electronics'}, {'id': 9, 'name': 'Furniture'}, {'id': 10, 'name': 'Clothing'}, {'id': 11, 'name': 'Footwear'}, {'id': 12, 'name': 'Sports Equipment'}, {'id': 13, 'name': 'Toys'}, {'id': 14, 'name': 'Books'}, {'id': 15, 'name': 'Groceries'}, {'id': 16, 'name': 'Health & Beauty'}, {'id': 17, 'name': 'Automotive'}, {'id': 18, 'name': 'Jewelry'}, {'id': 19, 'name': 'Home Appliances'}, {'id': 20, 'name': 'Gardening Supplies'}, {'id': 21, 'name': 'Office Supplies'}, {'id': 22, 'name': 'Pet Supplies'}, {'id': 23, 'name': 'Kitchenware'}, {'id': 25, 'name': 'Travel Accessories'}, {'id': 26, 'name': 'Music Instruments'}, {'id': 24, 'name': 'Camping Gear Supplies'}]
2024-10-10 08:15:28,027 - common.log_utils - INFO - GET /categories | Method: GET | Path: /inventory/categories/ | User: User: 10 - boogyman@gmail.com | Data: {}
2024-10-10 08:15:28,031 - common.log_utils - INFO - Categories retrieved successfully | Status Code: 200 | Data: [{'id': 8, 'name': 'Electronics'}, {'id': 9, 'name': 'Furniture'}, {'id': 10, 'name': 'Clothing'}, {'id': 11, 'name': 'Footwear'}, {'id': 12, 'name': 'Sports Equipment'}, {'id': 13, 'name': 'Toys'}, {'id': 14, 'name': 'Books'}, {'id': 15, 'name': 'Groceries'}, {'id': 16, 'name': 'Health & Beauty'}, {'id': 17, 'name': 'Automotive'}, {'id': 18, 'name': 'Jewelry'}, {'id': 19, 'name': 'Home Appliances'}, {'id': 20, 'name': 'Gardening Supplies'}, {'id': 21, 'name': 'Office Supplies'}, {'id': 22, 'name': 'Pet Supplies'}, {'id': 23, 'name': 'Kitchenware'}, {'id': 25, 'name': 'Travel Accessories'}, {'id': 26, 'name': 'Music Instruments'}, {'id': 24, 'name': 'Camping Gear Supplies'}]
2024-10-10 08:16:18,404 - common.log_utils - INFO - GET /categories | Method: GET | Path: /inventory/categories/ | User: User: 10 - boogyman@gmail.com | Data: {}
2024-10-10 08:16:18,409 - common.log_utils - INFO - Categories retrieved successfully | Status Code: 200 | Data: [{'id': 20, 'name': 'Gardening Supplies'}, {'id': 21, 'name': 'Office Supplies'}, {'id': 22, 'name': 'Pet Supplies'}, {'id': 24, 'name': 'Camping Gear Supplies'}]
2024-10-10 08:16:52,566 - common.log_utils - INFO - GET /item/12 | Method: GET | Path: /inventory/item/12/ | User: User: 10 - boogyman@gmail.com | Data: {}
2024-10-10 08:16:52,576 - common.log_utils - INFO - Item 12 retrieved from cache | Status Code: 200 | Data: {'id': 12, 'category': {'id': 12, 'name': 'Sports Equipment'}, 'name': 'Tennis Racket', 'description': 'High-quality tennis racket for professional play.', 'sku': 'SKU013', 'quantity': 60, 'price': '89.99', 'created_by': 'ravilla.anil3@gmail.com', 'updated_by': 'ravilla.anil3@gmail.com'}
2024-10-10 08:17:08,621 - common.log_utils - INFO - GET /item/12 | Method: GET | Path: /inventory/item/12/ | User: User: 10 - boogyman@gmail.com | Data: {}
2024-10-10 08:17:08,623 - common.log_utils - INFO - Item 12 retrieved from cache | Status Code: 200 | Data: {'id': 12, 'category': {'id': 12, 'name': 'Sports Equipment'}, 'name': 'Tennis Racket', 'description': 'High-quality tennis racket for professional play.', 'sku': 'SKU013', 'quantity': 60, 'price': '89.99', 'created_by': 'ravilla.anil3@gmail.com', 'updated_by': 'ravilla.anil3@gmail.com'}
2024-10-10 08:17:31,968 - common.log_utils - INFO - GET /item/12000 | Method: GET | Path: /inventory/item/12000/ | User: User: 10 - boogyman@gmail.com | Data: {}
2024-10-10 08:17:31,970 - common.log_utils - ERROR - Item 12000 not found.
2024-10-10 08:22:05,142 - common.log_utils - INFO - POST /category-creation | Method: POST | Path: /inventory/category/ | User: User: 9 - ravilla.anil3@gmail.com | Data: {'name': 'Watches'}
2024-10-10 08:22:05,151 - common.log_utils - INFO - Category created successfully | Status Code: 200 | Data: {'id': 28, 'name': 'Watches'}
2024-10-10 08:22:06,330 - common.log_utils - INFO - POST /category-creation | Method: POST | Path: /inventory/category/ | User: User: 9 - ravilla.anil3@gmail.com | Data: {'name': 'Watches'}
2024-10-10 08:22:06,335 - common.log_utils - ERROR - Failed to create category: {'name': [ErrorDetail(string='category with this name already exists.', code='unique')]}
2024-10-10 08:22:08,931 - common.log_utils - INFO - POST /category-creation | Method: POST | Path: /inventory/category/ | User: User: 9 - ravilla.anil3@gmail.com | Data: {'name': 'Watches'}
2024-10-10 08:22:08,935 - common.log_utils - ERROR - Failed to create category: {'name': [ErrorDetail(string='category with this name already exists.', code='unique')]}
