2024-10-10 06:42:14,026 - common.log_utils - ERROR - Invalid credentials or inactive user.
2024-10-10 06:42:49,798 - common.log_utils - ERROR - Invalid credentials or inactive user.
2024-10-10 06:42:55,117 - common.log_utils - ERROR - Email and password are required.
2024-10-10 06:43:25,574 - common.log_utils - ERROR - Failed to create user: {'email': [ErrorDetail(string='Enter a valid email address.', code='invalid')]}
2024-10-10 06:43:45,081 - common.log_utils - ERROR - Password validation failed.
2024-10-10 06:43:45,081 - common.log_utils - ERROR - Failed to create user: {'email': [ErrorDetail(string='user with this email already exists.', code='unique')], 'password': [ErrorDetail(string='Password must be at least 8 characters long, include an uppercase letter, a number, and a special character.', code='invalid')]}
2024-10-10 06:44:02,342 - common.log_utils - ERROR - Password validation failed.
2024-10-10 06:44:02,342 - common.log_utils - ERROR - Failed to create user: {'password': [ErrorDetail(string='Password must be at least 8 characters long, include an uppercase letter, a number, and a special character.', code='invalid')]}
2024-10-10 06:47:34,534 - common.log_utils - ERROR - User 90000 not found.
2024-10-10 06:48:00,241 - common.log_utils - ERROR - Failed to update user 9: {'email': [ErrorDetail(string='Enter a valid email address.', code='invalid')]}
2024-10-10 06:48:19,340 - common.log_utils - ERROR - Password validation failed.
2024-10-10 06:48:19,340 - common.log_utils - ERROR - Failed to update user 9: {'password': [ErrorDetail(string='Password must be at least 8 characters long, include an uppercase letter, a number, and a special character.', code='invalid')]}
2024-10-10 06:50:03,081 - common.log_utils - ERROR - Invalid credentials or inactive user.
2024-10-10 06:50:17,281 - common.log_utils - ERROR - Invalid credentials or inactive user.
2024-10-10 06:51:48,807 - common.log_utils - ERROR - Invalid credentials or inactive user.
2024-10-10 06:58:29,489 - common.log_utils - ERROR - Failed to create category: {'name': [ErrorDetail(string='This field may not be blank.', code='blank')]}
2024-10-10 07:02:02,886 - common.log_utils - ERROR - Category 2400000 not found.
2024-10-10 07:03:36,115 - common.log_utils - ERROR - Category 270000 not found.
2024-10-10 07:04:04,025 - common.log_utils - ERROR - Category 5 not found.
2024-10-10 07:04:05,014 - common.log_utils - ERROR - Category 5 not found.
2024-10-10 07:04:05,588 - common.log_utils - ERROR - Category 5 not found.
2024-10-10 07:07:51,741 - common.log_utils - ERROR - Failed to create item: {'category_id': [ErrorDetail(string='Invalid pk "100000" - object does not exist.', code='does_not_exist')], 'name': [ErrorDetail(string='item with this name already exists.', code='unique')], 'sku': [ErrorDetail(string='item with this sku already exists.', code='unique')]}
2024-10-10 07:09:06,099 - common.log_utils - ERROR - Failed to create item: {'category_id': [ErrorDetail(string='Invalid pk "10000" - object does not exist.', code='does_not_exist')]}
2024-10-10 07:14:10,118 - common.log_utils - ERROR - Failed to create item: {'name': [ErrorDetail(string='item with this name already exists.', code='unique')], 'sku': [ErrorDetail(string='item with this sku already exists.', code='unique')]}
2024-10-10 07:18:01,936 - common.log_utils - ERROR - Item 60000 not found.
2024-10-10 07:18:44,915 - common.log_utils - ERROR - Failed to update item 6: {'category_id': [ErrorDetail(string='Invalid pk "80000" - object does not exist.', code='does_not_exist')]}
2024-10-10 07:19:52,696 - common.log_utils - ERROR - Item 5 not found.
2024-10-10 07:20:32,031 - common.log_utils - ERROR - Item 12000 not found.
2024-10-10 07:21:55,469 - common.log_utils - ERROR - Item 17 not found.
2024-10-10 08:10:09,337 - common.log_utils - ERROR - Invalid credentials or inactive user.
2024-10-10 08:13:03,149 - common.log_utils - ERROR - Failed to update user 9: {'email': [ErrorDetail(string='user with this email already exists.', code='unique')]}
2024-10-10 08:14:02,140 - common.log_utils - ERROR - Failed to update user 9: {'email': [ErrorDetail(string='user with this email already exists.', code='unique')]}
2024-10-10 08:14:26,986 - common.log_utils - ERROR - Failed to update user 10: {'email': [ErrorDetail(string='Enter a valid email address.', code='invalid')]}
2024-10-10 08:14:45,738 - common.log_utils - ERROR - Password validation failed.
2024-10-10 08:14:45,739 - common.log_utils - ERROR - Failed to update user 10: {'password': [ErrorDetail(string='Password must be at least 8 characters long, include an uppercase letter, a number, and a special character.', code='invalid')]}
2024-10-10 08:17:31,970 - common.log_utils - ERROR - Item 12000 not found.
2024-10-10 08:22:06,335 - common.log_utils - ERROR - Failed to create category: {'name': [ErrorDetail(string='category with this name already exists.', code='unique')]}
2024-10-10 08:22:08,935 - common.log_utils - ERROR - Failed to create category: {'name': [ErrorDetail(string='category with this name already exists.', code='unique')]}
